서버가 실행되었습니다.
현재 작업 디렉토리: C:\Users\YangJinWon\Desktop\3_PROJECT\server\deu_sw_server
서버가 실행되었습니다.
현재 작업 디렉토리: C:\Users\YangJinWon\Desktop\3_PROJECT\server
서버가 실행되었습니다.
현재 작업 디렉토리: C:\Users\YangJinWon\Desktop\1분반_1팀_SE_PROJECT\server
서버가 실행되었습니다.
현재 작업 디렉토리: C:\Users\YangJinWon\Desktop\1분반_1팀_SE_PROJECT\server
서버가 실행되었습니다.
현재 작업 디렉토리: C:\Users\YangJinWon\Desktop\1분반_1팀_SE_PROJECT\server
서버가 실행되었습니다.
현재 작업 디렉토리: C:\Users\YangJinWon\Desktop\1분반_1팀_SE_PROJECT\server
서버가 실행되었습니다.
현재 작업 디렉토리: C:\Users\YangJinWon\Desktop\1분반_1팀_SE_PROJECT\server
서버가 실행되었습니다.
현재 작업 디렉토리: C:\Users\YangJinWon\Desktop\1분반_1팀_SE_PROJECT\server
서버가 실행되었습니다.
현재 작업 디렉토리: C:\Users\YangJinWon\Desktop\1분반_1팀_SE_PROJECT\server
서버가 실행되었습니다.
현재 작업 디렉토리: C:\Users\YangJinWon\Desktop\1분반_1팀_SE_PROJECT\server
서버가 실행되었습니다.
현재 작업 디렉토리: C:\Users\YangJinWon\Desktop\1분반_1팀_SE_PROJECT\server
서버가 실행되었습니다.
현재 작업 디렉토리: C:\Users\YangJinWon\Desktop\1분반_1팀_SE_PROJECT\server
서버가 실행되었습니다.
현재 작업 디렉토리: C:\Users\YangJinWon\Desktop\자바 프로젝트\server
서버가 실행되었습니다.
현재 작업 디렉토리: C:\Users\YangJinWon\Desktop\자바 프로젝트\server
=================================
서버가 실행되었습니다.
시작 시간: Tue Nov 04 09:26:14 KST 2025
현재 작업 디렉토리: C:\Users\YangJinWon\Desktop\자바 프로젝트\server
=================================
=================================
서버가 실행되었습니다.
시작 시간: Tue Nov 04 09:38:51 KST 2025
현재 작업 디렉토리: C:\Users\YangJinWon\Desktop\자바 프로젝트\server
=================================
=================================
서버가 실행되었습니다.
시작 시간: Tue Nov 04 10:04:02 KST 2025
현재 작업 디렉토리: C:\Users\YangJinWon\Desktop\자바 프로젝트\server
=================================
=================================
서버가 실행되었습니다.
시작 시간: Tue Nov 04 10:04:47 KST 2025
현재 작업 디렉토리: C:\Users\YangJinWon\Desktop\자바 프로젝트\server
=================================
=================================
서버가 실행되었습니다.
시작 시간: Tue Nov 04 14:08:40 KST 2025
현재 작업 디렉토리: C:\Users\YangJinWon\Desktop\자바 프로젝트\server
=================================
=================================
서버가 실행되었습니다.
시작 시간: Tue Nov 04 14:33:18 KST 2025
현재 작업 디렉토리: C:\Users\YangJinWon\Desktop\자바 프로젝트\server
=================================
=================================
서버가 실행되었습니다.
시작 시간: Wed Nov 05 15:15:03 KST 2025
현재 작업 디렉토리: C:\Users\YangJinWon\Desktop\자바 프로젝트\server
=================================
=================================
서버가 실행되었습니다.
시작 시간: Wed Nov 05 15:39:42 KST 2025
현재 작업 디렉토리: C:\Users\YangJinWon\Desktop\자바 프로젝트\server
=================================
=================================
서버가 실행되었습니다.
시작 시간: Wed Nov 05 15:52:52 KST 2025
현재 작업 디렉토리: C:\Users\YangJinWon\Desktop\자바 프로젝트\server
=================================
=================================
서버가 실행되었습니다.
시작 시간: Wed Nov 05 15:55:23 KST 2025
현재 작업 디렉토리: C:\Users\YangJinWon\Desktop\자바 프로젝트\server
=================================
=================================
서버가 실행되었습니다.
시작 시간: Wed Nov 05 16:02:13 KST 2025
현재 작업 디렉토리: C:\Users\YangJinWon\Desktop\자바 프로젝트\server
=================================
=================================
서버가 실행되었습니다.
시작 시간: Wed Nov 05 21:13:54 KST 2025
현재 작업 디렉토리: C:\Users\YangJinWon\Desktop\자바 프로젝트\server
=================================
=================================
서버가 실행되었습니다.
시작 시간: Thu Nov 06 00:06:52 KST 2025
현재 작업 디렉토리: C:\Users\YangJinWon\Desktop\자바 프로젝트\server
=================================
=================================
서버가 실행되었습니다.
시작 시간: Thu Nov 06 00:08:04 KST 2025
현재 작업 디렉토리: C:\Users\YangJinWon\Desktop\자바 프로젝트\server
=================================
=================================
서버가 실행되었습니다.
시작 시간: Thu Nov 06 00:08:39 KST 2025
현재 작업 디렉토리: C:\Users\YangJinWon\Desktop\자바 프로젝트\server
=================================
=================================
서버가 실행되었습니다.
시작 시간: Thu Nov 06 00:24:34 KST 2025
현재 작업 디렉토리: C:\Users\YangJinWon\Desktop\자바 프로젝트\server
=================================
=================================
서버가 실행되었습니다.
시작 시간: Thu Nov 06 00:48:23 KST 2025
현재 작업 디렉토리: C:\Users\YangJinWon\Desktop\자바 프로젝트\server
=================================
=================================
서버가 실행되었습니다.
시작 시간: Thu Nov 06 02:02:11 KST 2025
현재 작업 디렉토리: C:\Users\YangJinWon\Desktop\자바 프로젝트\server
=================================
=================================
서버가 실행되었습니다.
시작 시간: Thu Nov 06 09:07:06 KST 2025
현재 작업 디렉토리: C:\Users\YangJinWon\Desktop\자바 프로젝트\server
=================================
=================================
서버가 실행되었습니다.
시작 시간: Thu Nov 06 09:23:20 KST 2025
현재 작업 디렉토리: C:\Users\YangJinWon\Desktop\자바 프로젝트\server
=================================
=================================
서버가 실행되었습니다.
시작 시간: Thu Nov 06 09:59:30 KST 2025
현재 작업 디렉토리: C:\Users\YangJinWon\Desktop\자바 프로젝트\server
=================================
=================================
서버가 실행되었습니다.
시작 시간: Thu Nov 06 09:59:55 KST 2025
현재 작업 디렉토리: C:\Users\YangJinWon\Desktop\자바 프로젝트\server
=================================
=================================
서버가 실행되었습니다.
시작 시간: Thu Nov 06 10:08:30 KST 2025
현재 작업 디렉토리: C:\Users\YangJinWon\Desktop\자바 프로젝트\server
=================================
=================================
서버가 실행되었습니다.
시작 시간: Thu Nov 06 17:43:20 KST 2025
현재 작업 디렉토리: C:\Users\YangJinWon\Desktop\자바 프로젝트\server
=================================
=================================
서버가 실행되었습니다.
시작 시간: Thu Nov 06 17:58:29 KST 2025
현재 작업 디렉토리: C:\Users\YangJinWon\Desktop\자바 프로젝트\server
=================================
=================================
서버가 실행되었습니다.
시작 시간: Thu Nov 06 18:04:43 KST 2025
현재 작업 디렉토리: C:\Users\YangJinWon\Desktop\자바 프로젝트\server
=================================
=================================
서버가 실행되었습니다.
시작 시간: Thu Nov 06 18:11:14 KST 2025
현재 작업 디렉토리: C:\Users\YangJinWon\Desktop\자바 프로젝트\server
=================================
=================================
서버가 실행되었습니다.
시작 시간: Thu Nov 06 19:14:51 KST 2025
현재 작업 디렉토리: C:\Users\YangJinWon\Desktop\자바 프로젝트\server
=================================
=================================
서버가 실행되었습니다.
시작 시간: Thu Nov 06 19:21:52 KST 2025
현재 작업 디렉토리: C:\Users\YangJinWon\Desktop\자바 프로젝트\server
=================================
=================================
서버가 실행되었습니다.
시작 시간: Thu Nov 06 20:32:15 KST 2025
현재 작업 디렉토리: C:\Users\YangJinWon\Desktop\자바 프로젝트\server
=================================
=================================
서버가 실행되었습니다.
시작 시간: Thu Nov 06 20:47:30 KST 2025
현재 작업 디렉토리: C:\Users\YangJinWon\Desktop\자바 프로젝트\server
=================================
=================================
서버가 실행되었습니다.
시작 시간: Fri Nov 07 12:08:43 KST 2025
현재 작업 디렉토리: C:\Users\YangJinWon\Desktop\자바 프로젝트\server
=================================
=================================
서버가 실행되었습니다.
시작 시간: Fri Nov 07 12:37:58 KST 2025
현재 작업 디렉토리: C:\Users\YangJinWon\Desktop\자바 프로젝트\server
=================================
=================================
서버가 실행되었습니다.
시작 시간: Fri Nov 07 13:27:51 KST 2025
현재 작업 디렉토리: C:\Users\YangJinWon\Desktop\자바 프로젝트\server
=================================
=================================
서버가 실행되었습니다.
시작 시간: Sat Nov 08 01:17:22 KST 2025
현재 작업 디렉토리: C:\Users\YangJinWon\Desktop\자바 프로젝트\server
=================================
=================================
서버가 실행되었습니다.
시작 시간: Sat Nov 08 01:19:05 KST 2025
현재 작업 디렉토리: C:\Users\YangJinWon\Desktop\자바 프로젝트\server
=================================
=================================
서버가 실행되었습니다.
시작 시간: Sat Nov 08 02:01:59 KST 2025
현재 작업 디렉토리: C:\Users\YangJinWon\Desktop\자바 프로젝트\server
=================================
=================================
서버가 실행되었습니다.
시작 시간: Sat Nov 08 02:36:58 KST 2025
현재 작업 디렉토리: C:\Users\YangJinWon\Desktop\자바 프로젝트\server
=================================
=================================
서버가 실행되었습니다.
시작 시간: Sat Nov 08 23:36:08 KST 2025
현재 작업 디렉토리: C:\Users\YangJinWon\Desktop\자바 프로젝트\server
=================================
=================================
서버가 실행되었습니다.
시작 시간: Sat Nov 08 23:37:01 KST 2025
현재 작업 디렉토리: C:\Users\YangJinWon\Desktop\자바 프로젝트\server
=================================
=================================
서버가 실행되었습니다.
시작 시간: Sat Nov 08 23:57:21 KST 2025
현재 작업 디렉토리: C:\Users\YangJinWon\Desktop\자바 프로젝트\server
=================================
=================================
서버가 실행되었습니다.
시작 시간: Mon Nov 10 09:51:46 KST 2025
현재 작업 디렉토리: C:\Users\YangJinWon\Desktop\자바 프로젝트\server
=================================
=================================
서버가 실행되었습니다.
시작 시간: Mon Nov 10 16:09:37 KST 2025
현재 작업 디렉토리: C:\Users\YangJinWon\Desktop\자바 프로젝트\server
=================================
=================================
서버가 실행되었습니다.
시작 시간: Tue Nov 11 00:40:39 KST 2025
현재 작업 디렉토리: C:\Users\YangJinWon\Desktop\자바 프로젝트\server
=================================
=================================
서버가 실행되었습니다.
시작 시간: Tue Nov 11 09:12:49 KST 2025
현재 작업 디렉토리: C:\Users\YangJinWon\Desktop\자바 프로젝트\server
=================================
=================================
서버가 실행되었습니다.
시작 시간: Tue Nov 11 09:29:40 KST 2025
현재 작업 디렉토리: C:\Users\YangJinWon\Desktop\자바 프로젝트\server
=================================
=================================
서버가 실행되었습니다.
시작 시간: Tue Nov 11 14:49:35 KST 2025
현재 작업 디렉토리: C:\Users\YangJinWon\Desktop\자바 프로젝트\server
=================================
=================================
서버가 실행되었습니다.
시작 시간: Tue Nov 11 18:45:08 KST 2025
현재 작업 디렉토리: C:\Users\YangJinWon\Desktop\자바 프로젝트\server
=================================
=================================
서버가 실행되었습니다.
시작 시간: Tue Nov 11 23:55:51 KST 2025
현재 작업 디렉토리: C:\Users\YangJinWon\Desktop\자바 프로젝트\server
=================================
=================================
서버가 실행되었습니다.
시작 시간: Wed Nov 12 09:50:51 KST 2025
현재 작업 디렉토리: C:\Users\YangJinWon\Desktop\자바 프로젝트\server
=================================
=================================
서버가 실행되었습니다.
시작 시간: Wed Nov 12 14:48:18 KST 2025
현재 작업 디렉토리: C:\Users\YangJinWon\Desktop\자바 프로젝트\server
=================================
