서버가 실행되었습니다.
현재 작업 디렉토리: C:\Users\YangJinWon\Desktop\3_PROJECT\server\deu_sw_server
서버가 실행되었습니다.
현재 작업 디렉토리: C:\Users\YangJinWon\Desktop\3_PROJECT\server
서버가 실행되었습니다.
현재 작업 디렉토리: C:\Users\YangJinWon\Desktop\1분반_1팀_SE_PROJECT\server
서버가 실행되었습니다.
현재 작업 디렉토리: C:\Users\YangJinWon\Desktop\1분반_1팀_SE_PROJECT\server
서버가 실행되었습니다.
현재 작업 디렉토리: C:\Users\YangJinWon\Desktop\1분반_1팀_SE_PROJECT\server
서버가 실행되었습니다.
현재 작업 디렉토리: C:\Users\YangJinWon\Desktop\1분반_1팀_SE_PROJECT\server
서버가 실행되었습니다.
현재 작업 디렉토리: C:\Users\YangJinWon\Desktop\1분반_1팀_SE_PROJECT\server
서버가 실행되었습니다.
현재 작업 디렉토리: C:\Users\YangJinWon\Desktop\1분반_1팀_SE_PROJECT\server
서버가 실행되었습니다.
현재 작업 디렉토리: C:\Users\YangJinWon\Desktop\1분반_1팀_SE_PROJECT\server
서버가 실행되었습니다.
현재 작업 디렉토리: C:\Users\YangJinWon\Desktop\1분반_1팀_SE_PROJECT\server
서버가 실행되었습니다.
현재 작업 디렉토리: C:\Users\YangJinWon\Desktop\1분반_1팀_SE_PROJECT\server
서버가 실행되었습니다.
현재 작업 디렉토리: C:\Users\YangJinWon\Desktop\1분반_1팀_SE_PROJECT\server
서버가 실행되었습니다.
현재 작업 디렉토리: C:\Users\YangJinWon\Desktop\자바 프로젝트\server
서버가 실행되었습니다.
현재 작업 디렉토리: C:\Users\YangJinWon\Desktop\자바 프로젝트\server
=================================
서버가 실행되었습니다.
시작 시간: Tue Nov 04 09:26:14 KST 2025
현재 작업 디렉토리: C:\Users\YangJinWon\Desktop\자바 프로젝트\server
=================================
=================================
서버가 실행되었습니다.
시작 시간: Tue Nov 04 09:38:51 KST 2025
현재 작업 디렉토리: C:\Users\YangJinWon\Desktop\자바 프로젝트\server
=================================
=================================
서버가 실행되었습니다.
시작 시간: Tue Nov 04 10:04:02 KST 2025
현재 작업 디렉토리: C:\Users\YangJinWon\Desktop\자바 프로젝트\server
=================================
=================================
서버가 실행되었습니다.
시작 시간: Tue Nov 04 10:04:47 KST 2025
현재 작업 디렉토리: C:\Users\YangJinWon\Desktop\자바 프로젝트\server
=================================
=================================
서버가 실행되었습니다.
시작 시간: Tue Nov 04 14:08:40 KST 2025
현재 작업 디렉토리: C:\Users\YangJinWon\Desktop\자바 프로젝트\server
=================================
=================================
서버가 실행되었습니다.
시작 시간: Tue Nov 04 14:33:18 KST 2025
현재 작업 디렉토리: C:\Users\YangJinWon\Desktop\자바 프로젝트\server
=================================
=================================
서버가 실행되었습니다.
시작 시간: Wed Nov 05 15:15:03 KST 2025
현재 작업 디렉토리: C:\Users\YangJinWon\Desktop\자바 프로젝트\server
=================================
=================================
서버가 실행되었습니다.
시작 시간: Wed Nov 05 15:39:42 KST 2025
현재 작업 디렉토리: C:\Users\YangJinWon\Desktop\자바 프로젝트\server
=================================
=================================
서버가 실행되었습니다.
시작 시간: Wed Nov 05 15:52:52 KST 2025
현재 작업 디렉토리: C:\Users\YangJinWon\Desktop\자바 프로젝트\server
=================================
=================================
서버가 실행되었습니다.
시작 시간: Wed Nov 05 15:55:23 KST 2025
현재 작업 디렉토리: C:\Users\YangJinWon\Desktop\자바 프로젝트\server
=================================
=================================
서버가 실행되었습니다.
시작 시간: Wed Nov 05 16:02:13 KST 2025
현재 작업 디렉토리: C:\Users\YangJinWon\Desktop\자바 프로젝트\server
=================================
=================================
서버가 실행되었습니다.
시작 시간: Wed Nov 05 21:13:54 KST 2025
현재 작업 디렉토리: C:\Users\YangJinWon\Desktop\자바 프로젝트\server
=================================
=================================
서버가 실행되었습니다.
시작 시간: Thu Nov 06 00:06:52 KST 2025
현재 작업 디렉토리: C:\Users\YangJinWon\Desktop\자바 프로젝트\server
=================================
=================================
서버가 실행되었습니다.
시작 시간: Thu Nov 06 00:08:04 KST 2025
현재 작업 디렉토리: C:\Users\YangJinWon\Desktop\자바 프로젝트\server
=================================
=================================
서버가 실행되었습니다.
시작 시간: Thu Nov 06 00:08:39 KST 2025
현재 작업 디렉토리: C:\Users\YangJinWon\Desktop\자바 프로젝트\server
=================================
=================================
서버가 실행되었습니다.
시작 시간: Thu Nov 06 00:24:34 KST 2025
현재 작업 디렉토리: C:\Users\YangJinWon\Desktop\자바 프로젝트\server
=================================
=================================
서버가 실행되었습니다.
시작 시간: Thu Nov 06 00:48:23 KST 2025
현재 작업 디렉토리: C:\Users\YangJinWon\Desktop\자바 프로젝트\server
=================================
=================================
서버가 실행되었습니다.
시작 시간: Thu Nov 06 02:02:11 KST 2025
현재 작업 디렉토리: C:\Users\YangJinWon\Desktop\자바 프로젝트\server
=================================
=================================
서버가 실행되었습니다.
시작 시간: Thu Nov 06 09:07:06 KST 2025
현재 작업 디렉토리: C:\Users\YangJinWon\Desktop\자바 프로젝트\server
=================================
=================================
서버가 실행되었습니다.
시작 시간: Thu Nov 06 09:23:20 KST 2025
현재 작업 디렉토리: C:\Users\YangJinWon\Desktop\자바 프로젝트\server
=================================
=================================
서버가 실행되었습니다.
시작 시간: Thu Nov 06 09:59:30 KST 2025
현재 작업 디렉토리: C:\Users\YangJinWon\Desktop\자바 프로젝트\server
=================================
=================================
서버가 실행되었습니다.
시작 시간: Thu Nov 06 09:59:55 KST 2025
현재 작업 디렉토리: C:\Users\YangJinWon\Desktop\자바 프로젝트\server
=================================
=================================
서버가 실행되었습니다.
시작 시간: Thu Nov 06 10:08:30 KST 2025
현재 작업 디렉토리: C:\Users\YangJinWon\Desktop\자바 프로젝트\server
=================================
=================================
서버가 실행되었습니다.
시작 시간: Thu Nov 06 17:43:20 KST 2025
현재 작업 디렉토리: C:\Users\YangJinWon\Desktop\자바 프로젝트\server
=================================
=================================
서버가 실행되었습니다.
시작 시간: Thu Nov 06 17:58:29 KST 2025
현재 작업 디렉토리: C:\Users\YangJinWon\Desktop\자바 프로젝트\server
=================================
=================================
서버가 실행되었습니다.
시작 시간: Thu Nov 06 18:04:43 KST 2025
현재 작업 디렉토리: C:\Users\YangJinWon\Desktop\자바 프로젝트\server
=================================
=================================
서버가 실행되었습니다.
시작 시간: Thu Nov 06 18:11:14 KST 2025
현재 작업 디렉토리: C:\Users\YangJinWon\Desktop\자바 프로젝트\server
=================================
=================================
서버가 실행되었습니다.
시작 시간: Thu Nov 06 19:14:51 KST 2025
현재 작업 디렉토리: C:\Users\YangJinWon\Desktop\자바 프로젝트\server
=================================
=================================
서버가 실행되었습니다.
시작 시간: Thu Nov 06 19:21:52 KST 2025
현재 작업 디렉토리: C:\Users\YangJinWon\Desktop\자바 프로젝트\server
=================================
=================================
서버가 실행되었습니다.
시작 시간: Thu Nov 06 20:32:15 KST 2025
현재 작업 디렉토리: C:\Users\YangJinWon\Desktop\자바 프로젝트\server
=================================
=================================
서버가 실행되었습니다.
시작 시간: Thu Nov 06 20:47:30 KST 2025
현재 작업 디렉토리: C:\Users\YangJinWon\Desktop\자바 프로젝트\server
=================================
